   Answer:	Key:
1) B  ---  B
2) B  ---  B
3) D  ---  D
4) A  ---  A
5) E  ---  E
6) D   X   C
7) B  ---  B
8) E  ---  E
9) A  ---  A
10) B  ---  B
11) C  ---  C
12) D  ---  D
13) C   X   D
14) --  S   B
15) B   X   E
16) B  ---  B
17) --  S   A
18) C  ---  C
19) E  ---  E
20) D  ---  D
21) B  ---  B
22) E  ---  E
23) B   X   C
24) --  S   C
25) B  ---  B
26) D  ---  D
27) A  ---  A
28) B   X   A
29) E  ---  E
30) B  ---  B
31) D  ---  D
32) C   X   E
33) --  S   C
34) A  ---  A
35) E  ---  E
36) D  ---  D
37) --  S   B
38) --  S   B
39) --  S   5
40) --  S   !(A&&B)^C

Correct: 26
Incorrect: 6
Skipped: 8
Score: 144
